Build started 20.1.2016 16:05:22.
     1>Project "C:\Users\AleksiLuo1\Desktop\Engine_2016\TestProjects\SimpleGraphicsTest\build\win32\SimpleGraphicsTest.vcxproj" on node 2 (Build target(s)).
     1>PreBuildEvent:
         call copyassets.bat
         :VCEnd
         ..\..\assets\BedroomCubeMap_BK.tga
         ..\..\assets\BedroomCubeMap_DN.tga
         ..\..\assets\BedroomCubeMap_FR.tga
         ..\..\assets\BedroomCubeMap_LF.tga
         ..\..\assets\BedroomCubeMap_RT.tga
         ..\..\assets\BedroomCubeMap_UP.tga
         ..\..\assets\BigPlane.obj
         ..\..\assets\BumpDOT3.tga
         ..\..\assets\CheckerBoard.tga
         ..\..\assets\CheckerBoardDGray.tga
         ..\..\assets\CheckerBoardLDGray.tga
         ..\..\assets\CheckerBoardLGray.tga
         ..\..\assets\Fieldstone.tga
         ..\..\assets\FieldstoneBumpDOT3.tga
         ..\..\assets\MetalPlateDiffuse.tga
         ..\..\assets\MetalPlateNormal.tga
         ..\..\assets\Plane.obj
         ..\..\assets\QuadScene.glfs
         ..\..\assets\QuadScene.glvs
         ..\..\assets\Sphere.obj
         ..\..\assets\Torus.obj
         ..\..\assets\TreeBark.tga
         ..\..\assets\WoodDiffuse.tga
         ..\..\assets\WoodFloorDiffuse.tga
         ..\..\assets\WoodFloorNormal.tga
         ..\..\assets\WoodNormal.tga
         26 File(s) copied
         ..\..\assets\BedroomCubeMap_BK.tga
         ..\..\assets\BedroomCubeMap_DN.tga
         ..\..\assets\BedroomCubeMap_FR.tga
         ..\..\assets\BedroomCubeMap_LF.tga
         ..\..\assets\BedroomCubeMap_RT.tga
         ..\..\assets\BedroomCubeMap_UP.tga
         ..\..\assets\BigPlane.obj
         ..\..\assets\BumpDOT3.tga
         ..\..\assets\CheckerBoard.tga
         ..\..\assets\CheckerBoardDGray.tga
         ..\..\assets\CheckerBoardLDGray.tga
         ..\..\assets\CheckerBoardLGray.tga
         ..\..\assets\Fieldstone.tga
         ..\..\assets\FieldstoneBumpDOT3.tga
         ..\..\assets\MetalPlateDiffuse.tga
         ..\..\assets\MetalPlateNormal.tga
         ..\..\assets\Plane.obj
         ..\..\assets\QuadScene.glfs
         ..\..\assets\QuadScene.glvs
         ..\..\assets\Sphere.obj
         ..\..\assets\Torus.obj
         ..\..\assets\TreeBark.tga
         ..\..\assets\WoodDiffuse.tga
         ..\..\assets\WoodFloorDiffuse.tga
         ..\..\assets\WoodFloorNormal.tga
         ..\..\assets\WoodNormal.tga
         26 File(s) copied
       ClCompile:
         C:\Program Files (x86)\Microsoft Visual Studio 12.0\VC\bin\CL.exe /c /IC:\Users\AleksiLuo1\Desktop\Engine_2016\TestProjects\SimpleGraphicsTest\build\win32\..\..\..\..\Engine\include\graphics\win32 /IC:\Users\AleksiLuo1\Desktop\Engine_2016\TestProjects\SimpleGraphicsTest\build\win32\..\..\..\..\Engine\include /IC:\Users\AleksiLuo1\Desktop\Engine_2016\TestProjects\SimpleGraphicsTest\build\win32\..\..\include /ZI /nologo /W3 /WX- /Od /Oy- /D _CRT_SECURE_NO_WARNINGS /D WIN32 /D _DEBUG /D _WINDOWS /D _UNICODE /D UNICODE /Gm /EHsc /RTC1 /MDd /GS /fp:precise /Zc:wchar_t /Zc:forScope /Fo"Debug\\" /Fd"Debug\vc120.pdb" /Gd /TP /analyze- /errorReport:prompt ..\..\src\MyMaterials.cpp
         MyMaterials.cpp
     1>c:\users\aleksiluo1\desktop\engine_2016\engine\include\graphics\shader.h(29): error C2039: 'Object' : is not a member of 'core'
     1>c:\users\aleksiluo1\desktop\engine_2016\engine\include\graphics\shader.h(29): error C2504: 'Object' : base class undefined
     1>c:\users\aleksiluo1\desktop\engine_2016\engine\include\graphics\shader.h(37): error C2614: 'graphics::Shader' : illegal member initialization: 'Object' is not a base or member
     1>c:\users\aleksiluo1\desktop\engine_2016\engine\include\graphics\shader.h(73): error C2039: 'Object' : is not a member of 'core'
     1>c:\users\aleksiluo1\desktop\engine_2016\engine\include\graphics\shader.h(73): error C2504: 'Object' : base class undefined
     1>c:\users\aleksiluo1\desktop\engine_2016\testprojects\simplegraphicstest\src\mymaterials.cpp(4): error C2572: 'GlobalShaderUniforms::GlobalShaderUniforms' : redefinition of default parameter : parameter 2
                 c:\users\aleksiluo1\desktop\engine_2016\testprojects\simplegraphicstest\include\mymaterials.h(14) : see declaration of 'GlobalShaderUniforms::GlobalShaderUniforms'
     1>c:\users\aleksiluo1\desktop\engine_2016\testprojects\simplegraphicstest\src\mymaterials.cpp(4): error C2512: 'graphics::ShaderUniforms' : no appropriate default constructor available
     1>Done Building Project "C:\Users\AleksiLuo1\Desktop\Engine_2016\TestProjects\SimpleGraphicsTest\build\win32\SimpleGraphicsTest.vcxproj" (Build target(s)) -- FAILED.

Build FAILED.

Time Elapsed 00:00:01.20
